(NIL, (14,black), NIL)
((NIL, (8,red), NIL), (14,black), NIL)
((NIL, (8,red), NIL), (14,black), (NIL, (24,red), NIL))
(((NIL, (0,red), NIL), (8,black), NIL), (14,black), (NIL, (24,black), NIL))
((NIL, (0,black), NIL), (8,black), (NIL, (14,black), NIL))
((NIL, (0,red), NIL), (14,black), NIL)
(NIL, (14,black), NIL)
(NIL, (14,black), (NIL, (23,red), NIL))
((NIL, (14,red), NIL), (23,black), (NIL, (44,red), NIL))
((NIL, (14,red), NIL), (23,black), NIL)
((NIL, (5,red), NIL), (14,black), (NIL, (23,red), NIL))
((NIL, (5,black), NIL), (14,black), (NIL, (23,black), (NIL, (32,red), NIL)))
((NIL, (5,black), NIL), (23,black), (NIL, (32,black), NIL))
(NIL, (23,black), (NIL, (32,red), NIL))
((NIL, (23,red), NIL), (32,black), (NIL, (37,red), NIL))
((NIL, (23,black), NIL), (32,black), ((NIL, (34,red), NIL), (37,black), NIL))
((NIL, (23,black), NIL), (32,black), ((NIL, (34,red), NIL), (37,black), (NIL, (48,red), NIL)))
((NIL, (32,black), NIL), (34,black), (NIL, (37,black), (NIL, (48,red), NIL)))
(((NIL, (23,red), NIL), (32,black), NIL), (34,black), (NIL, (37,black), (NIL, (48,red), NIL)))
(((NIL, (23,red), NIL), (30,black), (NIL, (32,red), NIL)), (34,black), (NIL, (37,black), (NIL, (48,red), NIL)))
((((NIL, (2,red), NIL), (23,black), NIL), (30,red), (NIL, (32,black), NIL)), (34,black), (NIL, (37,black), (NIL, (48,red), NIL)))
(((NIL, (23,black), NIL), (30,red), (NIL, (32,black), NIL)), (34,black), (NIL, (37,black), (NIL, (48,red), NIL)))
((NIL, (23,black), (NIL, (32,red), NIL)), (34,black), (NIL, (37,black), (NIL, (48,red), NIL)))
((NIL, (23,black), (NIL, (32,red), NIL)), (34,black), ((NIL, (36,red), NIL), (37,black), (NIL, (48,red), NIL)))
((NIL, (23,black), (NIL, (32,red), NIL)), (34,black), ((NIL, (36,black), NIL), (37,red), ((NIL, (40,red), NIL), (48,black), NIL)))
((NIL, (32,black), NIL), (34,black), ((NIL, (36,black), NIL), (37,red), ((NIL, (40,red), NIL), (48,black), NIL)))
(((NIL, (1,red), NIL), (32,black), NIL), (34,black), ((NIL, (36,black), NIL), (37,red), ((NIL, (40,red), NIL), (48,black), NIL)))
(((NIL, (1,red), NIL), (31,black), (NIL, (32,red), NIL)), (34,black), ((NIL, (36,black), NIL), (37,red), ((NIL, (40,red), NIL), (48,black), NIL)))
(((NIL, (1,red), NIL), (31,black), NIL), (34,black), ((NIL, (36,black), NIL), (37,red), ((NIL, (40,red), NIL), (48,black), NIL)))
(((NIL, (1,red), NIL), (30,black), (NIL, (31,red), NIL)), (34,black), ((NIL, (36,black), NIL), (37,red), ((NIL, (40,red), NIL), (48,black), NIL)))
(((NIL, (1,red), NIL), (30,black), (NIL, (31,red), NIL)), (34,black), ((NIL, (37,black), NIL), (40,red), (NIL, (48,black), NIL)))
(((NIL, (1,black), (NIL, (27,red), NIL)), (30,red), (NIL, (31,black), NIL)), (34,black), ((NIL, (37,black), NIL), (40,red), (NIL, (48,black), NIL)))
(((NIL, (27,black), NIL), (30,red), (NIL, (31,black), NIL)), (34,black), ((NIL, (37,black), NIL), (40,red), (NIL, (48,black), NIL)))
(((NIL, (27,black), NIL), (30,red), (NIL, (31,black), NIL)), (34,black), ((NIL, (37,black), NIL), (40,red), ((NIL, (45,red), NIL), (48,black), NIL)))
((((NIL, (3,red), NIL), (27,black), NIL), (30,red), (NIL, (31,black), NIL)), (34,black), ((NIL, (37,black), NIL), (40,red), ((NIL, (45,red), NIL), (48,black), NIL)))
((((NIL, (3,red), NIL), (27,black), NIL), (30,red), (NIL, (31,black), NIL)), (34,black), ((NIL, (37,black), NIL), (40,red), ((NIL, (45,red), NIL), (46,black), (NIL, (48,red), NIL))))
((((NIL, (3,red), NIL), (27,black), NIL), (30,red), (NIL, (31,black), (NIL, (33,red), NIL))), (34,black), ((NIL, (37,black), NIL), (40,red), ((NIL, (45,red), NIL), (46,black), (NIL, (48,red), NIL))))
((((NIL, (3,red), NIL), (9,black), (NIL, (27,red), NIL)), (30,red), (NIL, (31,black), (NIL, (33,red), NIL))), (34,black), ((NIL, (37,black), NIL), (40,red), ((NIL, (45,red), NIL), (46,black), (NIL, (48,red), NIL))))
(((((NIL, (1,red), NIL), (3,black), NIL), (9,red), (NIL, (27,black), NIL)), (30,black), (NIL, (31,black), (NIL, (33,red), NIL))), (34,black), ((NIL, (37,black), NIL), (40,black), ((NIL, (45,red), NIL), (46,black), (NIL, (48,red), NIL))))
(((((NIL, (1,red), NIL), (3,black), (NIL, (6,red), NIL)), (9,red), (NIL, (27,black), NIL)), (30,black), (NIL, (31,black), (NIL, (33,red), NIL))), (34,black), ((NIL, (37,black), NIL), (40,black), ((NIL, (45,red), NIL), (46,black), (NIL, (48,red), NIL))))
(((((NIL, (1,red), NIL), (3,black), (NIL, (6,red), NIL)), (9,red), (NIL, (27,black), NIL)), (31,black), (NIL, (33,black), NIL)), (34,black), ((NIL, (37,black), NIL), (40,black), ((NIL, (45,red), NIL), (46,black), (NIL, (48,red), NIL))))
(((((NIL, (1,red), NIL), (3,black), NIL), (6,red), (NIL, (9,black), NIL)), (31,black), (NIL, (33,black), NIL)), (34,black), ((NIL, (37,black), NIL), (40,black), ((NIL, (45,red), NIL), (46,black), (NIL, (48,red), NIL))))
(((((NIL, (1,red), NIL), (3,black), NIL), (6,red), (NIL, (9,black), NIL)), (31,black), (NIL, (33,black), NIL)), (37,black), ((NIL, (40,black), NIL), (45,black), (NIL, (46,black), (NIL, (48,red), NIL))))
(((((NIL, (0,red), NIL), (1,black), (NIL, (3,red), NIL)), (6,red), (NIL, (9,black), NIL)), (31,black), (NIL, (33,black), NIL)), (37,black), ((NIL, (40,black), NIL), (45,black), (NIL, (46,black), (NIL, (48,red), NIL))))
(((((NIL, (0,red), NIL), (1,black), (NIL, (3,red), NIL)), (6,red), (NIL, (9,black), NIL)), (31,black), (NIL, (33,black), NIL)), (37,black), ((NIL, (40,black), (NIL, (44,red), NIL)), (45,black), (NIL, (46,black), (NIL, (48,red), NIL))))
((((NIL, (0,black), NIL), (1,red), (NIL, (3,black), (NIL, (5,red), NIL))), (6,black), ((NIL, (9,black), NIL), (31,red), (NIL, (33,black), NIL))), (37,black), ((NIL, (40,black), (NIL, (44,red), NIL)), (45,black), (NIL, (46,black), (NIL, (48,red), NIL))))
((((NIL, (0,black), NIL), (1,red), (NIL, (3,black), (NIL, (5,red), NIL))), (6,black), ((NIL, (9,black), (NIL, (13,red), NIL)), (31,red), (NIL, (33,black), NIL))), (37,black), ((NIL, (40,black), (NIL, (44,red), NIL)), (45,black), (NIL, (46,black), (NIL, (48,red), NIL))))
((((NIL, (0,black), NIL), (1,red), (NIL, (3,black), (NIL, (5,red), NIL))), (6,black), ((NIL, (9,black), (NIL, (13,red), NIL)), (31,red), (NIL, (33,black), NIL))), (37,black), ((NIL, (40,black), (NIL, (44,red), NIL)), (45,black), (NIL, (46,black), NIL)))
((((NIL, (1,red), NIL), (3,black), (NIL, (5,red), NIL)), (6,black), ((NIL, (9,black), (NIL, (13,red), NIL)), (31,red), (NIL, (33,black), NIL))), (37,black), ((NIL, (40,black), (NIL, (44,red), NIL)), (45,black), (NIL, (46,black), NIL)))
((((NIL, (1,red), NIL), (3,black), (NIL, (5,red), NIL)), (6,black), (((NIL, (9,red), NIL), (13,black), (NIL, (20,red), NIL)), (31,red), (NIL, (33,black), NIL))), (37,black), ((NIL, (40,black), (NIL, (44,red), NIL)), (45,black), (NIL, (46,black), NIL)))
