(NIL, (11,black), NIL)
(NIL, (11,black), (NIL, (38,red), NIL))
((NIL, (11,red), NIL), (38,black), (NIL, (43,red), NIL))
((NIL, (11,black), NIL), (38,black), ((NIL, (40,red), NIL), (43,black), NIL))
((NIL, (11,black), (NIL, (32,red), NIL)), (38,black), ((NIL, (40,red), NIL), (43,black), NIL))
(((NIL, (11,red), NIL), (21,black), (NIL, (32,red), NIL)), (38,black), ((NIL, (40,red), NIL), (43,black), NIL))
(((NIL, (11,black), (NIL, (13,red), NIL)), (21,red), (NIL, (32,black), NIL)), (38,black), ((NIL, (40,red), NIL), (43,black), NIL))
(((NIL, (11,black), (NIL, (13,red), NIL)), (21,red), (NIL, (32,black), (NIL, (35,red), NIL))), (38,black), ((NIL, (40,red), NIL), (43,black), NIL))
(((NIL, (11,black), (NIL, (13,red), NIL)), (21,red), (NIL, (32,black), NIL)), (38,black), ((NIL, (40,red), NIL), (43,black), NIL))
((((NIL, (0,red), NIL), (11,black), (NIL, (13,red), NIL)), (21,red), (NIL, (32,black), NIL)), (38,black), ((NIL, (40,red), NIL), (43,black), NIL))
((((NIL, (0,red), NIL), (11,black), (NIL, (13,red), NIL)), (21,red), (NIL, (32,black), NIL)), (38,black), (NIL, (40,black), NIL))
(((NIL, (0,red), NIL), (11,black), (NIL, (13,red), NIL)), (21,black), (NIL, (32,black), (NIL, (40,red), NIL)))
(((NIL, (0,black), (NIL, (3,red), NIL)), (11,red), (NIL, (13,black), NIL)), (21,black), (NIL, (32,black), (NIL, (40,red), NIL)))
(((NIL, (0,black), (NIL, (3,red), NIL)), (11,red), (NIL, (13,black), NIL)), (32,black), (NIL, (40,black), NIL))
(((NIL, (0,black), NIL), (3,red), (NIL, (13,black), NIL)), (32,black), (NIL, (40,black), NIL))
(((NIL, (3,red), NIL), (13,black), NIL), (32,black), (NIL, (40,black), NIL))
((NIL, (3,black), NIL), (13,black), (NIL, (40,black), NIL))
((NIL, (3,red), NIL), (40,black), NIL)
(NIL, (40,black), NIL)
((NIL, (39,red), NIL), (40,black), NIL)
((NIL, (12,red), NIL), (39,black), (NIL, (40,red), NIL))
((NIL, (12,black), NIL), (39,black), (NIL, (40,black), (NIL, (44,red), NIL)))
((NIL, (12,black), (NIL, (37,red), NIL)), (39,black), (NIL, (40,black), (NIL, (44,red), NIL)))
(((NIL, (12,red), NIL), (21,black), (NIL, (37,red), NIL)), (39,black), (NIL, (40,black), (NIL, (44,red), NIL)))
(((NIL, (12,black), NIL), (21,red), ((NIL, (31,red), NIL), (37,black), NIL)), (39,black), (NIL, (40,black), (NIL, (44,red), NIL)))
((((NIL, (1,red), NIL), (12,black), NIL), (21,red), ((NIL, (31,red), NIL), (37,black), NIL)), (39,black), (NIL, (40,black), (NIL, (44,red), NIL)))
((((NIL, (1,red), NIL), (12,black), NIL), (21,red), ((NIL, (25,red), NIL), (31,black), (NIL, (37,red), NIL))), (39,black), (NIL, (40,black), (NIL, (44,red), NIL)))
((((NIL, (1,red), NIL), (12,black), NIL), (21,red), ((NIL, (25,red), NIL), (31,black), (NIL, (37,red), NIL))), (39,black), ((NIL, (40,red), NIL), (44,black), (NIL, (48,red), NIL)))
((((NIL, (1,red), NIL), (10,black), (NIL, (12,red), NIL)), (21,red), ((NIL, (25,red), NIL), (31,black), (NIL, (37,red), NIL))), (39,black), ((NIL, (40,red), NIL), (44,black), (NIL, (48,red), NIL)))
((((NIL, (1,red), NIL), (10,black), (NIL, (12,red), NIL)), (21,red), (NIL, (25,black), NIL)), (31,black), (((NIL, (35,red), NIL), (37,black), NIL), (39,red), ((NIL, (40,red), NIL), (44,black), (NIL, (48,red), NIL))))
((((NIL, (1,red), NIL), (10,black), (NIL, (12,red), NIL)), (21,black), (NIL, (25,black), NIL)), (31,black), (((NIL, (35,red), NIL), (37,black), NIL), (39,black), ((NIL, (40,black), (NIL, (42,red), NIL)), (44,red), (NIL, (48,black), NIL))))
(((((NIL, (0,red), NIL), (1,black), NIL), (10,red), (NIL, (12,black), NIL)), (21,black), (NIL, (25,black), NIL)), (31,black), (((NIL, (35,red), NIL), (37,black), NIL), (39,black), ((NIL, (40,black), (NIL, (42,red), NIL)), (44,red), (NIL, (48,black), NIL))))
(((((NIL, (0,red), NIL), (1,black), NIL), (10,red), (NIL, (12,black), NIL)), (21,black), (NIL, (25,black), (NIL, (26,red), NIL))), (31,black), (((NIL, (35,red), NIL), (37,black), NIL), (39,black), ((NIL, (40,black), (NIL, (42,red), NIL)), (44,red), (NIL, (48,black), NIL))))
(((((NIL, (0,red), NIL), (1,black), NIL), (10,red), (NIL, (12,black), NIL)), (25,black), (NIL, (26,black), NIL)), (31,black), (((NIL, (35,red), NIL), (37,black), NIL), (39,black), ((NIL, (40,black), (NIL, (42,red), NIL)), (44,red), (NIL, (48,black), NIL))))
(((((NIL, (0,red), NIL), (1,black), NIL), (10,red), (NIL, (12,black), (NIL, (14,red), NIL))), (25,black), (NIL, (26,black), NIL)), (31,black), (((NIL, (35,red), NIL), (37,black), NIL), (39,black), ((NIL, (40,black), (NIL, (42,red), NIL)), (44,red), (NIL, (48,black), NIL))))
(((((NIL, (0,red), NIL), (1,black), (NIL, (9,red), NIL)), (10,red), (NIL, (12,black), (NIL, (14,red), NIL))), (25,black), (NIL, (26,black), NIL)), (31,black), (((NIL, (35,red), NIL), (37,black), NIL), (39,black), ((NIL, (40,black), (NIL, (42,red), NIL)), (44,red), (NIL, (48,black), NIL))))
(((((NIL, (0,red), NIL), (1,black), (NIL, (9,red), NIL)), (10,red), ((NIL, (12,red), NIL), (14,black), (NIL, (18,red), NIL))), (25,black), (NIL, (26,black), NIL)), (31,black), (((NIL, (35,red), NIL), (37,black), NIL), (39,black), ((NIL, (40,black), (NIL, (42,red), NIL)), (44,red), (NIL, (48,black), NIL))))
(((((NIL, (0,red), NIL), (1,black), (NIL, (9,red), NIL)), (10,red), ((NIL, (12,red), NIL), (14,black), (NIL, (18,red), NIL))), (25,black), (NIL, (26,black), NIL)), (31,black), (((NIL, (35,red), NIL), (37,black), NIL), (39,black), ((NIL, (42,black), NIL), (44,red), (NIL, (48,black), NIL))))
((((NIL, (0,black), NIL), (1,red), ((NIL, (3,red), NIL), (9,black), NIL)), (10,black), (((NIL, (12,red), NIL), (14,black), (NIL, (18,red), NIL)), (25,red), (NIL, (26,black), NIL))), (31,black), (((NIL, (35,red), NIL), (37,black), NIL), (39,black), ((NIL, (42,black), NIL), (44,red), (NIL, (48,black), NIL))))
((((NIL, (0,black), NIL), (1,red), ((NIL, (3,red), NIL), (9,black), NIL)), (10,black), (((NIL, (12,red), NIL), (14,black), (NIL, (18,red), NIL)), (25,red), (NIL, (26,black), NIL))), (31,black), (((NIL, (33,red), NIL), (35,black), (NIL, (37,red), NIL)), (39,black), ((NIL, (42,black), NIL), (44,red), (NIL, (48,black), NIL))))
((((NIL, (0,black), NIL), (1,red), ((NIL, (3,red), NIL), (9,black), NIL)), (10,black), (((NIL, (12,red), NIL), (14,black), (NIL, (18,red), NIL)), (25,red), (NIL, (26,black), NIL))), (31,black), (((NIL, (33,red), NIL), (35,black), (NIL, (37,red), NIL)), (39,black), ((NIL, (42,black), NIL), (44,red), ((NIL, (45,red), NIL), (48,black), NIL))))
((((NIL, (0,black), NIL), (1,red), ((NIL, (3,red), NIL), (9,black), NIL)), (12,black), ((NIL, (14,black), (NIL, (18,red), NIL)), (25,red), (NIL, (26,black), NIL))), (31,black), (((NIL, (33,red), NIL), (35,black), (NIL, (37,red), NIL)), (39,black), ((NIL, (42,black), NIL), (44,red), ((NIL, (45,red), NIL), (48,black), NIL))))
((((NIL, (0,black), NIL), (1,red), ((NIL, (3,red), NIL), (9,black), NIL)), (12,black), ((NIL, (14,black), (NIL, (18,red), NIL)), (25,red), (NIL, (26,black), (NIL, (29,red), NIL)))), (31,black), (((NIL, (33,red), NIL), (35,black), (NIL, (37,red), NIL)), (39,black), ((NIL, (42,black), NIL), (44,red), ((NIL, (45,red), NIL), (48,black), NIL))))
((((NIL, (0,black), NIL), (3,red), (NIL, (9,black), NIL)), (12,black), ((NIL, (14,black), (NIL, (18,red), NIL)), (25,red), (NIL, (26,black), (NIL, (29,red), NIL)))), (31,black), (((NIL, (33,red), NIL), (35,black), (NIL, (37,red), NIL)), (39,black), ((NIL, (42,black), NIL), (44,red), ((NIL, (45,red), NIL), (48,black), NIL))))
(((NIL, (0,black), (NIL, (9,red), NIL)), (12,black), ((NIL, (14,black), (NIL, (18,red), NIL)), (25,red), (NIL, (26,black), (NIL, (29,red), NIL)))), (31,black), (((NIL, (33,red), NIL), (35,black), (NIL, (37,red), NIL)), (39,black), ((NIL, (42,black), NIL), (44,red), ((NIL, (45,red), NIL), (48,black), NIL))))
(((NIL, (0,black), (NIL, (9,red), NIL)), (12,black), ((NIL, (14,black), (NIL, (18,red), NIL)), (25,red), (NIL, (26,black), (NIL, (29,red), NIL)))), (31,black), (((NIL, (33,red), NIL), (35,black), NIL), (39,black), ((NIL, (42,black), NIL), (44,red), ((NIL, (45,red), NIL), (48,black), NIL))))
(((NIL, (0,black), (NIL, (9,red), NIL)), (12,black), ((NIL, (14,black), (NIL, (18,red), NIL)), (25,red), (NIL, (29,black), NIL))), (31,black), (((NIL, (33,red), NIL), (35,black), NIL), (39,black), ((NIL, (42,black), NIL), (44,red), ((NIL, (45,red), NIL), (48,black), NIL))))
(((NIL, (0,black), (NIL, (9,red), NIL)), (12,black), ((NIL, (14,black), NIL), (18,red), (NIL, (29,black), NIL))), (31,black), (((NIL, (33,red), NIL), (35,black), NIL), (39,black), ((NIL, (42,black), NIL), (44,red), ((NIL, (45,red), NIL), (48,black), NIL))))
(((NIL, (0,black), (NIL, (9,red), NIL)), (12,black), ((NIL, (14,black), NIL), (18,red), ((NIL, (23,red), NIL), (29,black), NIL))), (31,black), (((NIL, (33,red), NIL), (35,black), NIL), (39,black), ((NIL, (42,black), NIL), (44,red), ((NIL, (45,red), NIL), (48,black), NIL))))
(((NIL, (0,black), (NIL, (9,red), NIL)), (12,black), ((NIL, (14,black), NIL), (18,red), ((NIL, (23,red), NIL), (29,black), NIL))), (31,black), (((NIL, (33,red), NIL), (35,black), NIL), (39,black), ((NIL, (42,black), NIL), (44,red), ((NIL, (45,red), NIL), (46,black), (NIL, (48,red), NIL)))))
