(NIL, (11,black), NIL)
(NIL, (11,black), (NIL, (15,red), NIL))
((NIL, (11,red), NIL), (12,black), (NIL, (15,red), NIL))
(NIL, (12,black), (NIL, (15,red), NIL))
((NIL, (12,red), NIL), (15,black), (NIL, (18,red), NIL))
((NIL, (12,black), NIL), (15,black), (NIL, (18,black), (NIL, (19,red), NIL)))
((NIL, (12,black), NIL), (15,black), ((NIL, (18,red), NIL), (19,black), (NIL, (39,red), NIL)))
(((NIL, (0,red), NIL), (12,black), NIL), (15,black), ((NIL, (18,red), NIL), (19,black), (NIL, (39,red), NIL)))
(((NIL, (0,red), NIL), (12,black), NIL), (15,black), ((NIL, (18,black), NIL), (19,red), ((NIL, (36,red), NIL), (39,black), NIL)))
(((NIL, (0,red), NIL), (12,black), NIL), (15,black), ((NIL, (18,black), NIL), (19,red), ((NIL, (31,red), NIL), (36,black), (NIL, (39,red), NIL))))
(((NIL, (0,red), NIL), (5,black), (NIL, (12,red), NIL)), (15,black), ((NIL, (18,black), NIL), (19,red), ((NIL, (31,red), NIL), (36,black), (NIL, (39,red), NIL))))
(((NIL, (0,black), NIL), (5,red), ((NIL, (11,red), NIL), (12,black), NIL)), (15,black), ((NIL, (18,black), NIL), (19,red), ((NIL, (31,red), NIL), (36,black), (NIL, (39,red), NIL))))
(((NIL, (0,black), NIL), (5,red), ((NIL, (9,red), NIL), (11,black), (NIL, (12,red), NIL))), (15,black), ((NIL, (18,black), NIL), (19,red), ((NIL, (31,red), NIL), (36,black), (NIL, (39,red), NIL))))
(((NIL, (0,black), NIL), (5,red), ((NIL, (9,red), NIL), (11,black), (NIL, (12,red), NIL))), (15,black), ((NIL, (18,black), NIL), (19,red), (NIL, (36,black), (NIL, (39,red), NIL))))
(((NIL, (0,black), NIL), (5,red), ((NIL, (9,red), NIL), (11,black), (NIL, (12,red), NIL))), (18,black), ((NIL, (19,red), NIL), (36,black), (NIL, (39,red), NIL)))
(((NIL, (0,black), NIL), (5,red), (NIL, (9,black), NIL)), (11,black), ((NIL, (12,black), (NIL, (16,red), NIL)), (18,red), ((NIL, (19,red), NIL), (36,black), (NIL, (39,red), NIL))))
(((NIL, (0,black), NIL), (5,black), (NIL, (9,black), NIL)), (11,black), ((NIL, (12,black), (NIL, (16,red), NIL)), (18,black), ((NIL, (19,black), NIL), (36,red), (NIL, (39,black), (NIL, (41,red), NIL)))))
(((NIL, (0,black), NIL), (5,black), ((NIL, (8,red), NIL), (9,black), NIL)), (11,black), ((NIL, (12,black), (NIL, (16,red), NIL)), (18,black), ((NIL, (19,black), NIL), (36,red), (NIL, (39,black), (NIL, (41,red), NIL)))))
(((NIL, (0,black), NIL), (5,black), ((NIL, (8,red), NIL), (9,black), NIL)), (11,black), ((NIL, (12,black), (NIL, (16,red), NIL)), (18,black), ((NIL, (19,black), NIL), (36,red), (NIL, (41,black), NIL))))
(((NIL, (0,black), NIL), (5,black), ((NIL, (8,red), NIL), (9,black), NIL)), (11,black), ((NIL, (12,black), (NIL, (16,red), NIL)), (18,black), (NIL, (19,black), (NIL, (36,red), NIL))))
(((NIL, (0,black), NIL), (5,black), ((NIL, (8,red), NIL), (9,black), NIL)), (11,black), ((NIL, (12,black), (NIL, (16,red), NIL)), (18,black), (NIL, (36,black), NIL)))
(((NIL, (0,black), (NIL, (3,red), NIL)), (5,black), ((NIL, (8,red), NIL), (9,black), NIL)), (11,black), ((NIL, (12,black), (NIL, (16,red), NIL)), (18,black), (NIL, (36,black), NIL)))
(((NIL, (0,black), (NIL, (3,red), NIL)), (5,black), ((NIL, (8,red), NIL), (9,black), NIL)), (11,black), (((NIL, (12,red), NIL), (13,black), (NIL, (16,red), NIL)), (18,black), (NIL, (36,black), NIL)))
(((NIL, (0,black), (NIL, (3,red), NIL)), (5,black), ((NIL, (8,red), NIL), (9,black), NIL)), (11,black), (((NIL, (12,red), NIL), (16,black), NIL), (18,black), (NIL, (36,black), NIL)))
(((NIL, (0,black), (NIL, (3,red), NIL)), (5,black), ((NIL, (8,red), NIL), (9,black), (NIL, (10,red), NIL))), (11,black), (((NIL, (12,red), NIL), (16,black), NIL), (18,black), (NIL, (36,black), NIL)))
(((NIL, (0,black), (NIL, (3,red), NIL)), (5,black), ((NIL, (8,red), NIL), (9,black), (NIL, (10,red), NIL))), (11,black), (((NIL, (12,red), NIL), (16,black), NIL), (18,black), (NIL, (36,black), (NIL, (45,red), NIL))))
(((NIL, (0,black), (NIL, (3,red), NIL)), (8,black), (NIL, (9,black), (NIL, (10,red), NIL))), (11,black), (((NIL, (12,red), NIL), (16,black), NIL), (18,black), (NIL, (36,black), (NIL, (45,red), NIL))))
(((NIL, (0,black), NIL), (8,black), (NIL, (9,black), (NIL, (10,red), NIL))), (11,black), (((NIL, (12,red), NIL), (16,black), NIL), (18,black), (NIL, (36,black), (NIL, (45,red), NIL))))
(((NIL, (0,black), (NIL, (7,red), NIL)), (8,black), (NIL, (9,black), (NIL, (10,red), NIL))), (11,black), (((NIL, (12,red), NIL), (16,black), NIL), (18,black), (NIL, (36,black), (NIL, (45,red), NIL))))
(((NIL, (0,black), (NIL, (7,red), NIL)), (8,black), (NIL, (9,black), (NIL, (10,red), NIL))), (11,black), (((NIL, (12,red), NIL), (13,black), (NIL, (16,red), NIL)), (18,black), (NIL, (36,black), (NIL, (45,red), NIL))))
(((NIL, (0,black), (NIL, (7,red), NIL)), (8,black), (NIL, (9,black), (NIL, (10,red), NIL))), (11,black), (((NIL, (12,red), NIL), (13,black), (NIL, (16,red), NIL)), (18,black), ((NIL, (36,red), NIL), (45,black), (NIL, (49,red), NIL))))
(((NIL, (0,black), (NIL, (7,red), NIL)), (8,black), (NIL, (9,black), (NIL, (10,red), NIL))), (11,black), (((NIL, (12,red), NIL), (13,black), (NIL, (16,red), NIL)), (18,black), (((NIL, (22,red), NIL), (36,black), NIL), (45,red), (NIL, (49,black), NIL))))
(((NIL, (0,black), (NIL, (7,red), NIL)), (8,black), (NIL, (9,black), (NIL, (10,red), NIL))), (11,black), (((NIL, (12,red), NIL), (13,black), (NIL, (16,red), NIL)), (18,black), (((NIL, (19,red), NIL), (22,black), (NIL, (36,red), NIL)), (45,red), (NIL, (49,black), NIL))))
(((NIL, (0,black), (NIL, (7,red), NIL)), (8,black), (NIL, (9,black), (NIL, (10,red), NIL))), (11,black), ((((NIL, (12,red), NIL), (13,black), (NIL, (16,red), NIL)), (18,red), (NIL, (19,black), NIL)), (22,black), ((NIL, (36,black), (NIL, (38,red), NIL)), (45,red), (NIL, (49,black), NIL))))
(((NIL, (0,black), (NIL, (7,red), NIL)), (8,black), (NIL, (9,black), (NIL, (10,red), NIL))), (11,black), ((((NIL, (12,red), NIL), (13,black), (NIL, (16,red), NIL)), (18,red), (NIL, (19,black), NIL)), (22,black), ((NIL, (36,black), NIL), (45,red), (NIL, (49,black), NIL))))
(((NIL, (0,black), (NIL, (7,red), NIL)), (8,black), (NIL, (9,black), (NIL, (10,red), NIL))), (11,black), (((NIL, (13,black), (NIL, (16,red), NIL)), (18,red), (NIL, (19,black), NIL)), (22,black), ((NIL, (36,black), NIL), (45,red), (NIL, (49,black), NIL))))
(((NIL, (0,black), (NIL, (7,red), NIL)), (8,black), (NIL, (9,black), (NIL, (10,red), NIL))), (11,black), (((NIL, (13,black), (NIL, (16,red), NIL)), (18,red), (NIL, (19,black), NIL)), (22,black), (((NIL, (27,red), NIL), (36,black), NIL), (45,red), (NIL, (49,black), NIL))))
(((NIL, (0,black), (NIL, (7,red), NIL)), (8,black), (NIL, (9,black), (NIL, (10,red), NIL))), (11,black), (((NIL, (13,black), NIL), (18,red), (NIL, (19,black), NIL)), (22,black), (((NIL, (27,red), NIL), (36,black), NIL), (45,red), (NIL, (49,black), NIL))))
(((NIL, (0,black), (NIL, (7,red), NIL)), (8,black), (NIL, (9,black), (NIL, (10,red), NIL))), (11,black), (((NIL, (13,black), NIL), (18,red), (NIL, (19,black), NIL)), (22,black), (((NIL, (27,red), NIL), (36,black), (NIL, (42,red), NIL)), (45,red), (NIL, (49,black), NIL))))
((((NIL, (0,red), NIL), (6,black), (NIL, (7,red), NIL)), (8,black), (NIL, (9,black), (NIL, (10,red), NIL))), (11,black), (((NIL, (13,black), NIL), (18,red), (NIL, (19,black), NIL)), (22,black), (((NIL, (27,red), NIL), (36,black), (NIL, (42,red), NIL)), (45,red), (NIL, (49,black), NIL))))
((((NIL, (0,black), (NIL, (5,red), NIL)), (6,red), (NIL, (7,black), NIL)), (8,black), (NIL, (9,black), (NIL, (10,red), NIL))), (11,black), (((NIL, (13,black), NIL), (18,red), (NIL, (19,black), NIL)), (22,black), (((NIL, (27,red), NIL), (36,black), (NIL, (42,red), NIL)), (45,red), (NIL, (49,black), NIL))))
(((((NIL, (0,red), NIL), (2,black), (NIL, (5,red), NIL)), (6,red), (NIL, (7,black), NIL)), (8,black), (NIL, (9,black), (NIL, (10,red), NIL))), (11,black), (((NIL, (13,black), NIL), (18,red), (NIL, (19,black), NIL)), (22,black), (((NIL, (27,red), NIL), (36,black), (NIL, (42,red), NIL)), (45,red), (NIL, (49,black), NIL))))
(((((NIL, (0,red), NIL), (2,black), (NIL, (5,red), NIL)), (6,red), (NIL, (7,black), NIL)), (8,black), (NIL, (9,black), (NIL, (10,red), NIL))), (11,black), (((NIL, (13,black), NIL), (18,black), (NIL, (19,black), NIL)), (22,red), (((NIL, (27,black), NIL), (36,red), ((NIL, (37,red), NIL), (42,black), NIL)), (45,black), (NIL, (49,black), NIL))))
(((((NIL, (0,red), NIL), (2,black), (NIL, (5,red), NIL)), (6,red), (NIL, (7,black), NIL)), (8,black), (NIL, (9,black), (NIL, (10,red), NIL))), (13,black), (((NIL, (18,black), (NIL, (19,red), NIL)), (22,black), (NIL, (27,black), NIL)), (36,red), (((NIL, (37,red), NIL), (42,black), NIL), (45,black), (NIL, (49,black), NIL))))
(((((NIL, (0,red), NIL), (2,black), (NIL, (5,red), NIL)), (6,red), (NIL, (7,black), NIL)), (8,black), (NIL, (9,black), (NIL, (10,red), NIL))), (13,black), (((NIL, (18,black), (NIL, (19,red), NIL)), (22,black), (NIL, (27,black), NIL)), (36,red), (((NIL, (37,red), NIL), (42,black), NIL), (45,black), ((NIL, (46,red), NIL), (49,black), NIL))))
(((((NIL, (0,red), NIL), (2,black), (NIL, (5,red), NIL)), (6,red), (NIL, (7,black), NIL)), (8,black), (NIL, (10,black), NIL)), (13,black), (((NIL, (18,black), (NIL, (19,red), NIL)), (22,black), (NIL, (27,black), NIL)), (36,red), (((NIL, (37,red), NIL), (42,black), NIL), (45,black), ((NIL, (46,red), NIL), (49,black), NIL))))
((((NIL, (0,black), NIL), (2,red), ((NIL, (3,red), NIL), (5,black), NIL)), (6,black), ((NIL, (7,black), NIL), (8,red), (NIL, (10,black), NIL))), (13,black), (((NIL, (18,black), (NIL, (19,red), NIL)), (22,black), (NIL, (27,black), NIL)), (36,red), (((NIL, (37,red), NIL), (42,black), NIL), (45,black), ((NIL, (46,red), NIL), (49,black), NIL))))
((((NIL, (0,black), NIL), (2,red), ((NIL, (3,red), NIL), (5,black), NIL)), (6,black), (NIL, (7,black), (NIL, (8,red), NIL))), (13,black), (((NIL, (18,black), (NIL, (19,red), NIL)), (22,black), (NIL, (27,black), NIL)), (36,red), (((NIL, (37,red), NIL), (42,black), NIL), (45,black), ((NIL, (46,red), NIL), (49,black), NIL))))
((((NIL, (0,black), NIL), (2,red), ((NIL, (3,red), NIL), (4,black), (NIL, (5,red), NIL))), (6,black), (NIL, (7,black), (NIL, (8,red), NIL))), (13,black), (((NIL, (18,black), (NIL, (19,red), NIL)), (22,black), (NIL, (27,black), NIL)), (36,red), (((NIL, (37,red), NIL), (42,black), NIL), (45,black), ((NIL, (46,red), NIL), (49,black), NIL))))
((((NIL, (0,black), NIL), (2,red), ((NIL, (3,red), NIL), (4,black), (NIL, (5,red), NIL))), (6,black), (NIL, (8,black), NIL)), (13,black), (((NIL, (18,black), (NIL, (19,red), NIL)), (22,black), (NIL, (27,black), NIL)), (36,red), (((NIL, (37,red), NIL), (42,black), NIL), (45,black), ((NIL, (46,red), NIL), (49,black), NIL))))
