(NIL, (120,black), NIL)
((NIL, (39,red), NIL), (120,black), NIL)
((NIL, (39,red), NIL), (120,black), (NIL, (201,red), NIL))
(((NIL, (12,red), NIL), (39,black), NIL), (120,black), (NIL, (201,black), NIL))
(((NIL, (12,red), NIL), (39,black), (NIL, (66,red), NIL)), (120,black), (NIL, (201,black), NIL))
(((NIL, (12,red), NIL), (39,black), (NIL, (66,red), NIL)), (120,black), ((NIL, (174,red), NIL), (201,black), NIL))
(((NIL, (12,red), NIL), (39,black), (NIL, (66,red), NIL)), (120,black), ((NIL, (174,red), NIL), (201,black), (NIL, (228,red), NIL)))
((((NIL, (3,red), NIL), (12,black), NIL), (39,red), (NIL, (66,black), NIL)), (120,black), ((NIL, (174,red), NIL), (201,black), (NIL, (228,red), NIL)))
((((NIL, (3,red), NIL), (12,black), (NIL, (21,red), NIL)), (39,red), (NIL, (66,black), NIL)), (120,black), ((NIL, (174,red), NIL), (201,black), (NIL, (228,red), NIL)))
((((NIL, (3,red), NIL), (12,black), (NIL, (21,red), NIL)), (39,red), ((NIL, (57,red), NIL), (66,black), NIL)), (120,black), ((NIL, (174,red), NIL), (201,black), (NIL, (228,red), NIL)))
((((NIL, (3,red), NIL), (12,black), (NIL, (21,red), NIL)), (39,red), ((NIL, (57,red), NIL), (66,black), (NIL, (75,red), NIL))), (120,black), ((NIL, (174,red), NIL), (201,black), (NIL, (228,red), NIL)))
((((NIL, (3,red), NIL), (12,black), (NIL, (21,red), NIL)), (39,red), ((NIL, (57,red), NIL), (66,black), (NIL, (75,red), NIL))), (120,black), (((NIL, (165,red), NIL), (174,black), NIL), (201,red), (NIL, (228,black), NIL)))
((((NIL, (3,red), NIL), (12,black), (NIL, (21,red), NIL)), (39,red), ((NIL, (57,red), NIL), (66,black), (NIL, (75,red), NIL))), (120,black), (((NIL, (165,red), NIL), (174,black), (NIL, (183,red), NIL)), (201,red), (NIL, (228,black), NIL)))
((((NIL, (3,red), NIL), (12,black), (NIL, (21,red), NIL)), (39,red), ((NIL, (57,red), NIL), (66,black), (NIL, (75,red), NIL))), (120,black), (((NIL, (165,red), NIL), (174,black), (NIL, (183,red), NIL)), (201,red), ((NIL, (219,red), NIL), (228,black), NIL)))
((((NIL, (3,red), NIL), (12,black), (NIL, (21,red), NIL)), (39,red), ((NIL, (57,red), NIL), (66,black), (NIL, (75,red), NIL))), (120,black), (((NIL, (165,red), NIL), (174,black), (NIL, (183,red), NIL)), (201,red), ((NIL, (219,red), NIL), (228,black), (NIL, (237,red), NIL))))
(((NIL, (12,black), (NIL, (21,red), NIL)), (39,red), ((NIL, (57,red), NIL), (66,black), (NIL, (75,red), NIL))), (120,black), (((NIL, (165,red), NIL), (174,black), (NIL, (183,red), NIL)), (201,red), ((NIL, (219,red), NIL), (228,black), (NIL, (237,red), NIL))))
(((NIL, (12,black), NIL), (39,red), ((NIL, (57,red), NIL), (66,black), (NIL, (75,red), NIL))), (120,black), (((NIL, (165,red), NIL), (174,black), (NIL, (183,red), NIL)), (201,red), ((NIL, (219,red), NIL), (228,black), (NIL, (237,red), NIL))))
(((NIL, (12,black), NIL), (39,red), (NIL, (66,black), (NIL, (75,red), NIL))), (120,black), (((NIL, (165,red), NIL), (174,black), (NIL, (183,red), NIL)), (201,red), ((NIL, (219,red), NIL), (228,black), (NIL, (237,red), NIL))))
(((NIL, (12,black), NIL), (39,red), (NIL, (66,black), NIL)), (120,black), (((NIL, (165,red), NIL), (174,black), (NIL, (183,red), NIL)), (201,red), ((NIL, (219,red), NIL), (228,black), (NIL, (237,red), NIL))))
(((NIL, (12,black), NIL), (39,red), (NIL, (66,black), NIL)), (120,black), ((NIL, (174,black), (NIL, (183,red), NIL)), (201,red), ((NIL, (219,red), NIL), (228,black), (NIL, (237,red), NIL))))
(((NIL, (12,black), NIL), (39,red), (NIL, (66,black), NIL)), (120,black), ((NIL, (174,black), NIL), (201,red), ((NIL, (219,red), NIL), (228,black), (NIL, (237,red), NIL))))
(((NIL, (12,black), NIL), (39,red), (NIL, (66,black), NIL)), (120,black), ((NIL, (174,black), NIL), (201,red), (NIL, (228,black), (NIL, (237,red), NIL))))
(((NIL, (12,black), NIL), (39,red), (NIL, (66,black), NIL)), (120,black), ((NIL, (174,black), NIL), (201,red), (NIL, (228,black), NIL)))
(((NIL, (39,red), NIL), (66,black), NIL), (120,black), ((NIL, (174,black), NIL), (201,red), (NIL, (228,black), NIL)))
((NIL, (39,black), NIL), (120,black), ((NIL, (174,black), NIL), (201,red), (NIL, (228,black), NIL)))
((NIL, (39,black), NIL), (120,black), ((NIL, (201,red), NIL), (228,black), NIL))
((NIL, (39,black), NIL), (120,black), (NIL, (201,black), NIL))
